<?xml version="1.0" encoding="utf-8"?><testsuite errors="0" failures="0" name="pytest" skips="0" tests="8" time="0.265"><testcase classname="pytests.test_index" file="pytests/test_index.py" line="10" name="test_conda_environment_activated" time="0.0012054443359375"></testcase><testcase classname="pytests.test_index" file="pytests/test_index.py" line="13" name="test_restaurant_name_func" time="0.0004520416259765625"></testcase><testcase classname="pytests.test_index" file="pytests/test_index.py" line="18" name="test_restaurant_rating_func" time="0.0003895759582519531"></testcase><testcase classname="pytests.test_index" file="pytests/test_index.py" line="23" name="test_is_better_func" time="0.00037980079650878906"></testcase><testcase classname="pytests.test_index" file="pytests/test_index.py" line="29" name="test_is_cheaper_func" time="0.0004019737243652344"></testcase><testcase classname="pytests.test_index" file="pytests/test_index.py" line="35" name="test_high_rating_func" time="0.00037169456481933594"></testcase><testcase classname="pytests.test_index" file="pytests/test_index.py" line="41" name="test_mean_review_count_func" time="0.0004000663757324219"></testcase><testcase classname="pytests.test_index" file="pytests/test_index.py" line="45" name="test_mediam_review_count_func" time="0.000453948974609375"></testcase></testsuite>